<?xml version="1.0" encoding="UTF-8"?>
<testsuite name="co.com.choucair.certification.proyectobase.runners.RunnerTags" tests="0" skipped="0" failures="0" errors="0" timestamp="1970-01-01T00:00:00" hostname="DESKTOP-4D24FIL" time="0.0">
  <properties/>
  <system-out><![CDATA[REGISTER BASE STEP LISTENER net.thucydides.core.steps.BaseStepListener@43d6c215

1 Scenarios (?[33m1 undefined?[0m)
3 Steps (?[33m3 undefined?[0m)
0m0,454s


You can implement missing steps with the snippets below:

@Given("^:Maria wants to learn from the resource automation course$")
public void mariaWantsToLearnFromTheResourceAutomationCourse(DataTable arg1) {
    // Write code here that turns the phrase above into concrete actions
    // For automatic transformation, change DataTable to one of
    // List<YourType>, List<List<E>>, List<Map<K,V>> or Map<K,V>.
    // E,K,V must be a scalar (String, Integer, Date, enum etc).
    // Field names for YourType must match the column names in 
    // your feature file (except for spaces and capitalization).
    throw new PendingException();
}


@When("^:She after searching in the browser for the choucair academy look in the categories bancolombia automation resources$")
public void sheAfterSearchingInTheBrowserForTheChoucairAcademyLookInTheCategoriesBancolombiaAutomationResources(DataTable arg1) {
    // Write code here that turns the phrase above into concrete actions
    // For automatic transformation, change DataTable to one of
    // List<YourType>, List<List<E>>, List<Map<K,V>> or Map<K,V>.
    // E,K,V must be a scalar (String, Integer, Date, enum etc).
    // Field names for YourType must match the column names in 
    // your feature file (except for spaces and capitalization).
    throw new PendingException();
}

@Then("^: she verifies that the title of the page is bancolombia automation resources$")
public void sheVerifiesThatTheTitleOfThePageIsBancolombiaAutomationResources(DataTable arg1) {
    // Write code here that turns the phrase above into concrete actions
    // For automatic transformation, change DataTable to one of
    // List<YourType>, List<List<E>>, List<Map<K,V>> or Map<K,V>.
    // E,K,V must be a scalar (String, Integer, Date, enum etc).
    // Field names for YourType must match the column names in 
    // your feature file (except for spaces and capitalization).
    throw new PendingException();
}

]]></system-out>
  <system-err><![CDATA[[Test worker] INFO net.thucydides.core.steps.ConsoleLoggingListener - 

-------------------------------------------------------------------------------------
     _______. _______ .______       _______ .__   __.  __  .___________.____    ____ 
    /       ||   ____||   _  \     |   ____||  \ |  | |  | |           |\   \  /   / 
   |   (----`|  |__   |  |_)  |    |  |__   |   \|  | |  | `---|  |----` \   \/   /  
    \   \    |   __|  |      /     |   __|  |  . `  | |  |     |  |       \_    _/   
.----)   |   |  |____ |  |\  \----.|  |____ |  |\   | |  |     |  |         |  |     
|_______/    |_______|| _| `._____||_______||__| \__| |__|     |__|         |__|    
                                                                                     
 News and tutorials at http://www.serenity-bdd.info                                  
 Documentation at https://wakaleo.gitbooks.io/the-serenity-book/content/             
 Join the Serenity Community on Rocket Chat at https://serenity-bdd.rocket.chat      
 Serenity BDD Support and Training at http://serenity-bdd.info/#/trainingandsupport  
 Learn Serenity BDD online at http://serenity-dojo.com                               
-------------------------------------------------------------------------------------

[Test worker] INFO net.thucydides.core.steps.ConsoleLoggingListener - Test Suite Started: Academy Choucair
[Test worker] WARN net.thucydides.core.steps.BaseStepListener - testStarted: Search for a automation course/academy-choucair;search-for-a-automation-course
[Test worker] INFO net.thucydides.core.steps.ConsoleLoggingListener - 
 _____ _____ ____ _____   ____ _____  _    ____ _____ _____ ____  
|_   _| ____/ ___|_   _| / ___|_   _|/ \  |  _ \_   _| ____|  _ \ 
  | | |  _| \___ \ | |   \___ \ | | / _ \ | |_) || | |  _| | | | |
  | | | |___ ___) || |    ___) || |/ ___ \|  _ < | | | |___| |_| |
  |_| |_____|____/ |_|   |____/ |_/_/   \_\_| \_\|_| |_____|____/ 
                                                                  

TEST STARTED: Search for a automation course
-------------------------------------------------------------------(academy-choucair;search-for-a-automation-course)
[pool-2-thread-1] INFO net.thucydides.core.requirements.PackageRequirementsTagProvider - Loading requirements from package requirements at: net.thucydides.showcase.cucumber.junit
]]></system-err>
</testsuite>
